2023-06-21 18:22:35,725 WARN [http-nio-8100-exec-2] c.v.s.s.SearchServiceImpl [SearchServiceImpl.java:54] Codes Retrieved
2023-06-21 18:22:46,978 WARN [http-nio-8100-exec-1] c.v.s.s.SearchServiceImpl [SearchServiceImpl.java:54] Codes Retrieved
2023-06-21 18:23:05,359 WARN [http-nio-8100-exec-3] c.v.s.s.SearchServiceImpl [SearchServiceImpl.java:54] Codes Retrieved
2023-06-21 18:26:02,084 WARN [http-nio-8100-exec-4] c.v.s.s.SearchServiceImpl [SearchServiceImpl.java:54] Codes Retrieved
2023-06-21 18:26:20,449 WARN [http-nio-8100-exec-5] c.v.s.s.SearchServiceImpl [SearchServiceImpl.java:54] Codes Retrieved
2023-06-21 18:26:42,037 WARN [http-nio-8100-exec-2] c.v.s.s.SearchServiceImpl [SearchServiceImpl.java:54] Codes Retrieved
2023-06-21 18:27:27,274 WARN [http-nio-8100-exec-1] c.v.s.s.SearchServiceImpl [SearchServiceImpl.java:54] Codes Retrieved
2023-06-21 18:38:30,673 WARN [http-nio-8100-exec-3] c.v.s.s.SearchServiceImpl [SearchServiceImpl.java:54] Codes Retrieved
2023-06-21 18:39:05,758 WARN [http-nio-8100-exec-4] c.v.s.s.SearchServiceImpl [SearchServiceImpl.java:66] Got All Flights
2023-06-21 19:33:29,891 WARN [http-nio-8100-exec-10] c.v.s.s.SearchServiceImpl [SearchServiceImpl.java:32] Airports Added
2023-06-21 19:34:07,150 WARN [http-nio-8100-exec-1] c.v.s.s.SearchServiceImpl [SearchServiceImpl.java:60] Got All Aiports
2023-06-21 19:36:49,788 WARN [http-nio-8100-exec-1] c.v.s.s.SearchServiceImpl [SearchServiceImpl.java:66] Got All Flights
2023-06-21 19:37:26,672 WARN [http-nio-8100-exec-3] c.v.s.s.SearchServiceImpl [SearchServiceImpl.java:54] Codes Retrieved
2023-06-21 19:43:04,185 WARN [http-nio-8100-exec-6] c.v.s.s.SearchServiceImpl [SearchServiceImpl.java:60] Got All Aiports
2023-06-21 19:44:58,768 WARN [http-nio-8100-exec-8] c.v.s.s.SearchServiceImpl [SearchServiceImpl.java:54] Codes Retrieved
2023-06-21 21:36:48,496 WARN [http-nio-8100-exec-2] c.v.s.s.SearchServiceImpl [SearchServiceImpl.java:66] Got All Flights
2023-06-21 21:36:57,373 WARN [http-nio-8100-exec-1] c.v.s.s.SearchServiceImpl [SearchServiceImpl.java:54] Codes Retrieved
2023-06-21 21:37:11,117 WARN [http-nio-8100-exec-3] c.v.s.s.SearchServiceImpl [SearchServiceImpl.java:66] Got All Flights
2023-06-21 21:37:35,512 WARN [http-nio-8100-exec-4] c.v.s.s.SearchServiceImpl [SearchServiceImpl.java:54] Codes Retrieved
2023-06-21 21:42:09,791 WARN [http-nio-8100-exec-6] c.v.s.s.SearchServiceImpl [SearchServiceImpl.java:66] Got All Flights
2023-06-21 21:48:31,231 WARN [http-nio-8100-exec-8] c.v.s.s.SearchServiceImpl [SearchServiceImpl.java:54] Codes Retrieved
2023-06-21 21:48:56,367 WARN [http-nio-8100-exec-9] c.v.s.s.SearchServiceImpl [SearchServiceImpl.java:66] Got All Flights
2023-06-21 22:01:15,812 WARN [http-nio-8100-exec-2] c.v.s.s.SearchServiceImpl [SearchServiceImpl.java:54] Codes Retrieved
2023-06-21 22:01:57,988 WARN [http-nio-8100-exec-1] c.v.s.s.SearchServiceImpl [SearchServiceImpl.java:66] Got All Flights
2023-06-21 22:07:58,105 WARN [http-nio-8100-exec-4] c.v.s.s.SearchServiceImpl [SearchServiceImpl.java:54] Codes Retrieved
2023-06-21 22:08:20,718 WARN [http-nio-8100-exec-5] c.v.s.s.SearchServiceImpl [SearchServiceImpl.java:66] Got All Flights
2023-06-21 22:10:00,177 WARN [http-nio-8100-exec-7] c.v.s.s.SearchServiceImpl [SearchServiceImpl.java:54] Codes Retrieved
2023-06-21 22:10:28,889 WARN [http-nio-8100-exec-8] c.v.s.s.SearchServiceImpl [SearchServiceImpl.java:66] Got All Flights
2023-06-21 22:12:48,975 WARN [http-nio-8100-exec-10] c.v.s.s.SearchServiceImpl [SearchServiceImpl.java:54] Codes Retrieved
2023-06-21 22:13:08,846 WARN [http-nio-8100-exec-2] c.v.s.s.SearchServiceImpl [SearchServiceImpl.java:66] Got All Flights
2023-06-21 22:15:53,304 WARN [http-nio-8100-exec-3] c.v.s.s.SearchServiceImpl [SearchServiceImpl.java:54] Codes Retrieved
2023-06-21 22:16:50,594 WARN [http-nio-8100-exec-4] c.v.s.s.SearchServiceImpl [SearchServiceImpl.java:66] Got All Flights
2023-06-21 22:27:47,319 WARN [http-nio-8100-exec-5] c.v.s.s.SearchServiceImpl [SearchServiceImpl.java:54] Codes Retrieved
2023-06-21 22:28:21,796 WARN [http-nio-8100-exec-6] c.v.s.s.SearchServiceImpl [SearchServiceImpl.java:66] Got All Flights
2023-06-22 08:44:56,232 WARN [http-nio-8100-exec-1] c.v.s.s.SearchServiceImpl [SearchServiceImpl.java:39] Flights Added
2023-06-22 08:47:19,838 WARN [http-nio-8100-exec-3] c.v.s.s.SearchServiceImpl [SearchServiceImpl.java:66] Got All Flights
2023-06-22 08:52:02,116 WARN [http-nio-8100-exec-3] c.v.s.s.SearchServiceImpl [SearchServiceImpl.java:54] Codes Retrieved
2023-06-22 08:52:25,777 WARN [http-nio-8100-exec-4] c.v.s.s.SearchServiceImpl [SearchServiceImpl.java:66] Got All Flights
2023-06-22 08:52:33,089 WARN [http-nio-8100-exec-5] c.v.s.s.SearchServiceImpl [SearchServiceImpl.java:54] Codes Retrieved
2023-06-22 08:53:06,578 WARN [http-nio-8100-exec-6] c.v.s.s.SearchServiceImpl [SearchServiceImpl.java:66] Got All Flights
2023-06-22 08:53:54,636 WARN [http-nio-8100-exec-7] c.v.s.s.SearchServiceImpl [SearchServiceImpl.java:54] Codes Retrieved
2023-06-22 08:54:29,403 WARN [http-nio-8100-exec-8] c.v.s.s.SearchServiceImpl [SearchServiceImpl.java:54] Codes Retrieved
2023-06-22 08:58:56,532 WARN [http-nio-8100-exec-10] c.v.s.s.SearchServiceImpl [SearchServiceImpl.java:66] Got All Flights
2023-06-22 08:59:03,443 WARN [http-nio-8100-exec-1] c.v.s.s.SearchServiceImpl [SearchServiceImpl.java:54] Codes Retrieved
2023-06-22 08:59:17,988 WARN [http-nio-8100-exec-2] c.v.s.s.SearchServiceImpl [SearchServiceImpl.java:54] Codes Retrieved
2023-06-22 08:59:54,734 WARN [http-nio-8100-exec-3] c.v.s.s.SearchServiceImpl [SearchServiceImpl.java:54] Codes Retrieved
2023-06-22 09:00:09,202 WARN [http-nio-8100-exec-4] c.v.s.s.SearchServiceImpl [SearchServiceImpl.java:54] Codes Retrieved
2023-06-22 09:00:23,073 WARN [http-nio-8100-exec-5] c.v.s.s.SearchServiceImpl [SearchServiceImpl.java:54] Codes Retrieved
2023-06-22 09:00:47,389 WARN [http-nio-8100-exec-6] c.v.s.s.SearchServiceImpl [SearchServiceImpl.java:54] Codes Retrieved
2023-06-22 09:37:37,573 WARN [http-nio-8100-exec-7] c.v.s.s.SearchServiceImpl [SearchServiceImpl.java:66] Got All Flights
2023-06-22 09:50:35,651 WARN [http-nio-8100-exec-9] c.v.s.s.SearchServiceImpl [SearchServiceImpl.java:54] Codes Retrieved
2023-06-22 09:51:20,579 WARN [http-nio-8100-exec-10] c.v.s.s.SearchServiceImpl [SearchServiceImpl.java:54] Codes Retrieved
2023-06-22 09:51:41,549 WARN [http-nio-8100-exec-1] c.v.s.s.SearchServiceImpl [SearchServiceImpl.java:66] Got All Flights
2023-06-22 09:52:05,662 WARN [http-nio-8100-exec-2] c.v.s.s.SearchServiceImpl [SearchServiceImpl.java:54] Codes Retrieved
2023-06-22 09:52:05,866 WARN [http-nio-8100-exec-3] c.v.s.s.SearchServiceImpl [SearchServiceImpl.java:54] Codes Retrieved
2023-06-22 12:35:41,599 WARN [http-nio-8100-exec-1] c.v.s.s.SearchServiceImpl [SearchServiceImpl.java:54] Codes Retrieved
2023-06-22 13:29:50,507 WARN [http-nio-8100-exec-1] c.v.s.s.SearchServiceImpl [SearchServiceImpl.java:54] Codes Retrieved
2023-06-22 13:29:50,994 WARN [http-nio-8100-exec-2] c.v.s.s.SearchServiceImpl [SearchServiceImpl.java:54] Codes Retrieved
2023-06-22 13:31:53,319 WARN [http-nio-8100-exec-3] c.v.s.s.SearchServiceImpl [SearchServiceImpl.java:54] Codes Retrieved
2023-06-22 13:32:30,300 WARN [http-nio-8100-exec-4] c.v.s.s.SearchServiceImpl [SearchServiceImpl.java:66] Got All Flights
2023-06-22 13:33:26,802 WARN [http-nio-8100-exec-5] c.v.s.s.SearchServiceImpl [SearchServiceImpl.java:54] Codes Retrieved
2023-06-22 18:57:31,765 WARN [http-nio-8100-exec-3] c.v.s.s.SearchServiceImpl [SearchServiceImpl.java:59] Got All Aiports
2023-06-22 18:57:51,634 WARN [http-nio-8100-exec-2] c.v.s.s.SearchServiceImpl [SearchServiceImpl.java:65] Got All Flights
2023-06-22 18:58:04,794 WARN [http-nio-8100-exec-4] c.v.s.s.SearchServiceImpl [SearchServiceImpl.java:53] Codes Retrieved
2023-06-22 18:59:13,810 WARN [http-nio-8100-exec-6] c.v.s.s.SearchServiceImpl [SearchServiceImpl.java:65] Got All Flights
2023-06-22 19:28:16,574 WARN [http-nio-8100-exec-5] c.v.s.s.SearchServiceImpl [SearchServiceImpl.java:65] Got All Flights
2023-06-22 19:28:49,177 WARN [http-nio-8100-exec-6] c.v.s.s.SearchServiceImpl [SearchServiceImpl.java:65] Got All Flights
2023-06-22 19:29:11,900 WARN [http-nio-8100-exec-9] c.v.s.s.SearchServiceImpl [SearchServiceImpl.java:83] Flight Deleted
2023-06-22 19:29:20,669 WARN [http-nio-8100-exec-10] c.v.s.s.SearchServiceImpl [SearchServiceImpl.java:65] Got All Flights
2023-06-22 21:41:05,046 WARN [http-nio-8100-exec-4] c.v.s.s.SearchServiceImpl [SearchServiceImpl.java:53] Codes Retrieved
2023-06-22 21:41:40,878 WARN [http-nio-8100-exec-3] c.v.s.s.SearchServiceImpl [SearchServiceImpl.java:53] Codes Retrieved
2023-06-22 21:42:09,681 WARN [http-nio-8100-exec-2] c.v.s.s.SearchServiceImpl [SearchServiceImpl.java:65] Got All Flights
2023-06-22 21:52:15,377 WARN [http-nio-8100-exec-8] c.v.s.s.SearchServiceImpl [SearchServiceImpl.java:53] Codes Retrieved
2023-06-22 21:52:41,479 WARN [http-nio-8100-exec-10] c.v.s.s.SearchServiceImpl [SearchServiceImpl.java:65] Got All Flights
2023-06-22 21:53:04,630 WARN [http-nio-8100-exec-1] c.v.s.s.SearchServiceImpl [SearchServiceImpl.java:59] Got All Aiports
2023-06-22 22:48:34,833 WARN [http-nio-8100-exec-4] c.v.s.s.SearchServiceImpl [SearchServiceImpl.java:53] Codes Retrieved
2023-06-22 22:48:56,501 WARN [http-nio-8100-exec-3] c.v.s.s.SearchServiceImpl [SearchServiceImpl.java:65] Got All Flights
2023-06-22 23:02:09,878 WARN [http-nio-8100-exec-5] c.v.s.s.SearchServiceImpl [SearchServiceImpl.java:53] Codes Retrieved
2023-06-22 23:02:29,183 WARN [http-nio-8100-exec-6] c.v.s.s.SearchServiceImpl [SearchServiceImpl.java:65] Got All Flights
2023-06-22 23:08:50,371 WARN [http-nio-8100-exec-8] c.v.s.s.SearchServiceImpl [SearchServiceImpl.java:53] Codes Retrieved
2023-06-22 23:09:21,519 WARN [http-nio-8100-exec-10] c.v.s.s.SearchServiceImpl [SearchServiceImpl.java:65] Got All Flights
2023-06-22 23:11:11,300 WARN [http-nio-8100-exec-9] c.v.s.s.SearchServiceImpl [SearchServiceImpl.java:53] Codes Retrieved
2023-06-22 23:13:12,092 WARN [http-nio-8100-exec-4] c.v.s.s.SearchServiceImpl [SearchServiceImpl.java:53] Codes Retrieved
2023-06-22 23:13:35,889 WARN [http-nio-8100-exec-3] c.v.s.s.SearchServiceImpl [SearchServiceImpl.java:65] Got All Flights
2023-06-22 23:18:18,078 WARN [http-nio-8100-exec-5] c.v.s.s.SearchServiceImpl [SearchServiceImpl.java:53] Codes Retrieved
2023-06-22 23:18:44,221 WARN [http-nio-8100-exec-6] c.v.s.s.SearchServiceImpl [SearchServiceImpl.java:65] Got All Flights
2023-06-22 23:20:33,128 WARN [http-nio-8100-exec-8] c.v.s.s.SearchServiceImpl [SearchServiceImpl.java:53] Codes Retrieved
2023-06-22 23:20:55,929 WARN [http-nio-8100-exec-10] c.v.s.s.SearchServiceImpl [SearchServiceImpl.java:65] Got All Flights
2023-06-22 23:23:29,494 WARN [http-nio-8100-exec-9] c.v.s.s.SearchServiceImpl [SearchServiceImpl.java:53] Codes Retrieved
2023-06-22 23:23:49,292 WARN [http-nio-8100-exec-4] c.v.s.s.SearchServiceImpl [SearchServiceImpl.java:65] Got All Flights
2023-06-22 23:29:10,037 WARN [http-nio-8100-exec-2] c.v.s.s.SearchServiceImpl [SearchServiceImpl.java:53] Codes Retrieved
2023-06-22 23:29:42,721 WARN [http-nio-8100-exec-5] c.v.s.s.SearchServiceImpl [SearchServiceImpl.java:65] Got All Flights
2023-06-22 23:31:17,473 WARN [http-nio-8100-exec-7] c.v.s.s.SearchServiceImpl [SearchServiceImpl.java:53] Codes Retrieved
2023-06-22 23:31:37,672 WARN [http-nio-8100-exec-8] c.v.s.s.SearchServiceImpl [SearchServiceImpl.java:65] Got All Flights
2023-06-22 23:33:48,582 WARN [http-nio-8100-exec-1] c.v.s.s.SearchServiceImpl [SearchServiceImpl.java:53] Codes Retrieved
2023-06-22 23:34:15,445 WARN [http-nio-8100-exec-9] c.v.s.s.SearchServiceImpl [SearchServiceImpl.java:65] Got All Flights
2023-06-22 23:37:47,634 WARN [http-nio-8100-exec-3] c.v.s.s.SearchServiceImpl [SearchServiceImpl.java:53] Codes Retrieved
2023-06-22 23:38:10,890 WARN [http-nio-8100-exec-2] c.v.s.s.SearchServiceImpl [SearchServiceImpl.java:65] Got All Flights
2023-06-22 23:45:35,077 WARN [http-nio-8100-exec-6] c.v.s.s.SearchServiceImpl [SearchServiceImpl.java:53] Codes Retrieved
2023-06-22 23:45:56,716 WARN [http-nio-8100-exec-7] c.v.s.s.SearchServiceImpl [SearchServiceImpl.java:65] Got All Flights
2023-06-22 23:46:50,505 WARN [http-nio-8100-exec-8] c.v.s.s.SearchServiceImpl [SearchServiceImpl.java:53] Codes Retrieved
2023-06-22 23:47:16,143 WARN [http-nio-8100-exec-10] c.v.s.s.SearchServiceImpl [SearchServiceImpl.java:65] Got All Flights
2023-06-22 23:53:17,755 WARN [http-nio-8100-exec-9] c.v.s.s.SearchServiceImpl [SearchServiceImpl.java:53] Codes Retrieved
2023-06-22 23:53:40,386 WARN [http-nio-8100-exec-4] c.v.s.s.SearchServiceImpl [SearchServiceImpl.java:65] Got All Flights
2023-06-23 00:18:32,650 WARN [main] c.v.s.s.SearchServiceImpl [SearchServiceImpl.java:31] Airports Added
2023-06-23 00:18:32,714 WARN [main] c.v.s.s.SearchServiceImpl [SearchServiceImpl.java:53] Codes Retrieved
2023-06-23 00:18:32,719 WARN [main] c.v.s.s.SearchServiceImpl [SearchServiceImpl.java:65] Got All Flights
2023-06-23 00:18:32,724 WARN [main] c.v.s.s.SearchServiceImpl [SearchServiceImpl.java:59] Got All Aiports
2023-06-23 00:18:32,729 WARN [main] c.v.s.s.SearchServiceImpl [SearchServiceImpl.java:38] Flights Added
2023-06-23 00:29:12,130 WARN [main] c.v.s.s.SearchServiceImpl [SearchServiceImpl.java:31] Airports Added
2023-06-23 00:29:12,242 WARN [main] c.v.s.s.SearchServiceImpl [SearchServiceImpl.java:53] Codes Retrieved
2023-06-23 00:29:12,260 WARN [main] c.v.s.s.SearchServiceImpl [SearchServiceImpl.java:65] Got All Flights
2023-06-23 00:29:12,271 WARN [main] c.v.s.s.SearchServiceImpl [SearchServiceImpl.java:59] Got All Aiports
2023-06-23 00:29:12,285 WARN [main] c.v.s.s.SearchServiceImpl [SearchServiceImpl.java:38] Flights Added
2023-06-23 09:52:42,837 WARN [http-nio-8100-exec-7] c.v.s.s.SearchServiceImpl [SearchServiceImpl.java:53] Codes Retrieved
2023-06-23 09:53:31,383 WARN [http-nio-8100-exec-5] c.v.s.s.SearchServiceImpl [SearchServiceImpl.java:53] Codes Retrieved
2023-06-23 09:53:56,058 WARN [http-nio-8100-exec-6] c.v.s.s.SearchServiceImpl [SearchServiceImpl.java:53] Codes Retrieved
2023-06-23 10:07:23,970 WARN [http-nio-8100-exec-8] c.v.s.s.SearchServiceImpl [SearchServiceImpl.java:53] Codes Retrieved
2023-06-23 10:08:00,755 WARN [http-nio-8100-exec-9] c.v.s.s.SearchServiceImpl [SearchServiceImpl.java:65] Got All Flights
2023-06-23 10:41:19,648 WARN [http-nio-8100-exec-1] c.v.s.s.SearchServiceImpl [SearchServiceImpl.java:53] Codes Retrieved
2023-06-23 10:41:42,843 WARN [http-nio-8100-exec-2] c.v.s.s.SearchServiceImpl [SearchServiceImpl.java:53] Codes Retrieved
2023-06-23 10:42:55,021 WARN [http-nio-8100-exec-5] c.v.s.s.SearchServiceImpl [SearchServiceImpl.java:65] Got All Flights
2023-06-23 11:42:35,817 WARN [http-nio-8100-exec-8] c.v.s.s.SearchServiceImpl [SearchServiceImpl.java:65] Got All Flights
2023-06-23 11:47:41,714 WARN [http-nio-8100-exec-2] c.v.s.s.SearchServiceImpl [SearchServiceImpl.java:65] Got All Flights
2023-06-23 11:49:18,496 WARN [http-nio-8100-exec-4] c.v.s.s.SearchServiceImpl [SearchServiceImpl.java:65] Got All Flights
2023-06-23 11:49:49,882 WARN [http-nio-8100-exec-5] c.v.s.s.SearchServiceImpl [SearchServiceImpl.java:65] Got All Flights
2023-06-23 11:51:16,886 WARN [http-nio-8100-exec-7] c.v.s.s.SearchServiceImpl [SearchServiceImpl.java:65] Got All Flights
2023-06-23 11:52:02,958 WARN [http-nio-8100-exec-10] c.v.s.s.SearchServiceImpl [SearchServiceImpl.java:65] Got All Flights
2023-06-23 11:53:55,628 WARN [http-nio-8100-exec-8] c.v.s.s.SearchServiceImpl [SearchServiceImpl.java:65] Got All Flights
2023-06-23 11:55:42,233 WARN [http-nio-8100-exec-9] c.v.s.s.SearchServiceImpl [SearchServiceImpl.java:65] Got All Flights
2023-06-23 11:56:19,353 WARN [http-nio-8100-exec-4] c.v.s.s.SearchServiceImpl [SearchServiceImpl.java:65] Got All Flights
2023-06-23 11:57:11,008 WARN [http-nio-8100-exec-7] c.v.s.s.SearchServiceImpl [SearchServiceImpl.java:65] Got All Flights
2023-06-23 12:22:56,930 WARN [http-nio-8100-exec-7] c.v.s.s.SearchServiceImpl [SearchServiceImpl.java:65] Got All Flights
2023-06-23 12:27:54,887 WARN [http-nio-8100-exec-3] c.v.s.s.SearchServiceImpl [SearchServiceImpl.java:65] Got All Flights
2023-06-23 12:28:31,888 WARN [http-nio-8100-exec-9] c.v.s.s.SearchServiceImpl [SearchServiceImpl.java:65] Got All Flights
2023-06-23 12:33:28,440 WARN [http-nio-8100-exec-8] c.v.s.s.SearchServiceImpl [SearchServiceImpl.java:65] Got All Flights
2023-06-23 12:33:53,992 WARN [http-nio-8100-exec-3] c.v.s.s.SearchServiceImpl [SearchServiceImpl.java:53] Codes Retrieved
2023-06-23 12:36:39,246 WARN [http-nio-8100-exec-4] c.v.s.s.SearchServiceImpl [SearchServiceImpl.java:53] Codes Retrieved
2023-06-23 15:10:22,589 WARN [http-nio-8100-exec-8] c.v.s.s.SearchServiceImpl [SearchServiceImpl.java:53] Codes Retrieved
2023-06-23 15:10:37,026 WARN [http-nio-8100-exec-7] c.v.s.s.SearchServiceImpl [SearchServiceImpl.java:53] Codes Retrieved
2023-06-23 20:17:11,564 WARN [http-nio-8100-exec-10] c.v.s.s.SearchServiceImpl [SearchServiceImpl.java:53] Codes Retrieved
2023-06-23 20:20:16,915 WARN [http-nio-8100-exec-3] c.v.s.s.SearchServiceImpl [SearchServiceImpl.java:65] Got All Flights
2023-06-23 20:20:31,609 WARN [http-nio-8100-exec-4] c.v.s.s.SearchServiceImpl [SearchServiceImpl.java:65] Got All Flights
2023-06-23 20:25:16,179 WARN [http-nio-8100-exec-1] c.v.s.s.SearchServiceImpl [SearchServiceImpl.java:53] Codes Retrieved
2023-06-23 20:26:33,522 WARN [http-nio-8100-exec-8] c.v.s.s.SearchServiceImpl [SearchServiceImpl.java:53] Codes Retrieved
2023-06-23 20:26:57,486 WARN [http-nio-8100-exec-6] c.v.s.s.SearchServiceImpl [SearchServiceImpl.java:65] Got All Flights
2023-06-23 20:33:31,918 WARN [http-nio-8100-exec-3] c.v.s.s.SearchServiceImpl [SearchServiceImpl.java:53] Codes Retrieved
2023-06-23 20:33:32,601 WARN [http-nio-8100-exec-7] c.v.s.s.SearchServiceImpl [SearchServiceImpl.java:53] Codes Retrieved
2023-06-23 20:34:13,683 WARN [http-nio-8100-exec-9] c.v.s.s.SearchServiceImpl [SearchServiceImpl.java:53] Codes Retrieved
2023-06-23 20:34:42,406 WARN [http-nio-8100-exec-4] c.v.s.s.SearchServiceImpl [SearchServiceImpl.java:65] Got All Flights
2023-06-23 20:34:52,208 WARN [http-nio-8100-exec-10] c.v.s.s.SearchServiceImpl [SearchServiceImpl.java:53] Codes Retrieved
2023-06-23 20:36:08,282 WARN [http-nio-8100-exec-1] c.v.s.s.SearchServiceImpl [SearchServiceImpl.java:65] Got All Flights
2023-06-23 20:36:11,671 WARN [http-nio-8100-exec-2] c.v.s.s.SearchServiceImpl [SearchServiceImpl.java:65] Got All Flights
2023-06-23 20:36:57,056 WARN [http-nio-8100-exec-8] c.v.s.s.SearchServiceImpl [SearchServiceImpl.java:65] Got All Flights
2023-06-23 20:37:39,026 WARN [http-nio-8100-exec-6] c.v.s.s.SearchServiceImpl [SearchServiceImpl.java:65] Got All Flights
2023-06-23 20:37:41,390 WARN [http-nio-8100-exec-5] c.v.s.s.SearchServiceImpl [SearchServiceImpl.java:65] Got All Flights
2023-06-23 20:37:54,576 WARN [http-nio-8100-exec-3] c.v.s.s.SearchServiceImpl [SearchServiceImpl.java:65] Got All Flights
2023-06-23 20:38:06,212 WARN [http-nio-8100-exec-7] c.v.s.s.SearchServiceImpl [SearchServiceImpl.java:65] Got All Flights
2023-06-23 20:38:16,251 WARN [http-nio-8100-exec-9] c.v.s.s.SearchServiceImpl [SearchServiceImpl.java:65] Got All Flights
2023-06-23 20:38:19,662 WARN [http-nio-8100-exec-4] c.v.s.s.SearchServiceImpl [SearchServiceImpl.java:65] Got All Flights
2023-06-23 20:39:03,362 WARN [http-nio-8100-exec-10] c.v.s.s.SearchServiceImpl [SearchServiceImpl.java:65] Got All Flights
2023-06-23 20:39:13,173 WARN [http-nio-8100-exec-1] c.v.s.s.SearchServiceImpl [SearchServiceImpl.java:65] Got All Flights
2023-06-23 20:39:20,675 WARN [http-nio-8100-exec-2] c.v.s.s.SearchServiceImpl [SearchServiceImpl.java:65] Got All Flights
2023-06-23 20:39:28,282 WARN [http-nio-8100-exec-8] c.v.s.s.SearchServiceImpl [SearchServiceImpl.java:65] Got All Flights
2023-06-23 20:39:47,584 WARN [http-nio-8100-exec-6] c.v.s.s.SearchServiceImpl [SearchServiceImpl.java:65] Got All Flights
2023-06-23 20:39:51,501 WARN [http-nio-8100-exec-5] c.v.s.s.SearchServiceImpl [SearchServiceImpl.java:65] Got All Flights
2023-06-23 20:40:00,008 WARN [http-nio-8100-exec-3] c.v.s.s.SearchServiceImpl [SearchServiceImpl.java:65] Got All Flights
2023-06-23 20:41:49,537 WARN [http-nio-8100-exec-9] c.v.s.s.SearchServiceImpl [SearchServiceImpl.java:65] Got All Flights
2023-06-23 20:42:07,080 WARN [http-nio-8100-exec-4] c.v.s.s.SearchServiceImpl [SearchServiceImpl.java:65] Got All Flights
2023-06-23 20:42:17,626 WARN [http-nio-8100-exec-10] c.v.s.s.SearchServiceImpl [SearchServiceImpl.java:65] Got All Flights
2023-06-23 20:42:45,051 WARN [http-nio-8100-exec-1] c.v.s.s.SearchServiceImpl [SearchServiceImpl.java:65] Got All Flights
2023-06-23 20:42:50,698 WARN [http-nio-8100-exec-2] c.v.s.s.SearchServiceImpl [SearchServiceImpl.java:65] Got All Flights
2023-06-23 20:43:00,810 WARN [http-nio-8100-exec-8] c.v.s.s.SearchServiceImpl [SearchServiceImpl.java:65] Got All Flights
2023-06-23 20:43:03,991 WARN [http-nio-8100-exec-6] c.v.s.s.SearchServiceImpl [SearchServiceImpl.java:65] Got All Flights
2023-06-23 20:47:29,686 WARN [http-nio-8100-exec-3] c.v.s.s.SearchServiceImpl [SearchServiceImpl.java:65] Got All Flights
2023-06-23 20:47:37,814 WARN [http-nio-8100-exec-7] c.v.s.s.SearchServiceImpl [SearchServiceImpl.java:65] Got All Flights
2023-06-23 20:48:27,583 WARN [http-nio-8100-exec-9] c.v.s.s.SearchServiceImpl [SearchServiceImpl.java:65] Got All Flights
2023-06-23 20:48:32,027 WARN [http-nio-8100-exec-4] c.v.s.s.SearchServiceImpl [SearchServiceImpl.java:65] Got All Flights
2023-06-23 20:50:37,164 WARN [http-nio-8100-exec-1] c.v.s.s.SearchServiceImpl [SearchServiceImpl.java:65] Got All Flights
2023-06-23 20:50:41,324 WARN [http-nio-8100-exec-2] c.v.s.s.SearchServiceImpl [SearchServiceImpl.java:65] Got All Flights
2023-06-23 20:50:51,498 WARN [http-nio-8100-exec-8] c.v.s.s.SearchServiceImpl [SearchServiceImpl.java:53] Codes Retrieved
2023-06-23 20:51:09,588 WARN [http-nio-8100-exec-6] c.v.s.s.SearchServiceImpl [SearchServiceImpl.java:53] Codes Retrieved
2023-06-23 20:51:32,565 WARN [http-nio-8100-exec-5] c.v.s.s.SearchServiceImpl [SearchServiceImpl.java:65] Got All Flights
2023-06-23 20:53:43,699 WARN [http-nio-8100-exec-7] c.v.s.s.SearchServiceImpl [SearchServiceImpl.java:65] Got All Flights
2023-06-23 20:54:18,542 WARN [http-nio-8100-exec-9] c.v.s.s.SearchServiceImpl [SearchServiceImpl.java:65] Got All Flights
2023-06-23 20:57:10,550 WARN [http-nio-8100-exec-10] c.v.s.s.SearchServiceImpl [SearchServiceImpl.java:65] Got All Flights
2023-06-23 20:57:46,289 WARN [http-nio-8100-exec-1] c.v.s.s.SearchServiceImpl [SearchServiceImpl.java:65] Got All Flights
2023-06-23 20:58:28,196 WARN [http-nio-8100-exec-2] c.v.s.s.SearchServiceImpl [SearchServiceImpl.java:65] Got All Flights
2023-06-23 20:58:40,636 WARN [http-nio-8100-exec-8] c.v.s.s.SearchServiceImpl [SearchServiceImpl.java:65] Got All Flights
2023-06-23 20:58:52,452 WARN [http-nio-8100-exec-6] c.v.s.s.SearchServiceImpl [SearchServiceImpl.java:65] Got All Flights
2023-06-23 21:01:46,352 WARN [http-nio-8100-exec-3] c.v.s.s.SearchServiceImpl [SearchServiceImpl.java:65] Got All Flights
2023-06-23 21:03:18,838 WARN [http-nio-8100-exec-9] c.v.s.s.SearchServiceImpl [SearchServiceImpl.java:65] Got All Flights
2023-06-23 21:03:43,048 WARN [http-nio-8100-exec-4] c.v.s.s.SearchServiceImpl [SearchServiceImpl.java:65] Got All Flights
2023-06-23 21:05:42,027 WARN [http-nio-8100-exec-1] c.v.s.s.SearchServiceImpl [SearchServiceImpl.java:65] Got All Flights
2023-06-23 21:05:48,736 WARN [http-nio-8100-exec-2] c.v.s.s.SearchServiceImpl [SearchServiceImpl.java:65] Got All Flights
2023-06-23 21:06:56,276 WARN [http-nio-8100-exec-6] c.v.s.s.SearchServiceImpl [SearchServiceImpl.java:65] Got All Flights
2023-06-23 21:07:01,492 WARN [http-nio-8100-exec-5] c.v.s.s.SearchServiceImpl [SearchServiceImpl.java:65] Got All Flights
2023-06-23 21:07:57,966 WARN [http-nio-8100-exec-3] c.v.s.s.SearchServiceImpl [SearchServiceImpl.java:65] Got All Flights
2023-06-23 21:08:25,747 WARN [http-nio-8100-exec-7] c.v.s.s.SearchServiceImpl [SearchServiceImpl.java:65] Got All Flights
2023-06-23 21:10:38,029 WARN [http-nio-8100-exec-4] c.v.s.s.SearchServiceImpl [SearchServiceImpl.java:65] Got All Flights
2023-06-23 21:11:35,910 WARN [http-nio-8100-exec-10] c.v.s.s.SearchServiceImpl [SearchServiceImpl.java:65] Got All Flights
2023-06-23 21:13:15,499 WARN [http-nio-8100-exec-2] c.v.s.s.SearchServiceImpl [SearchServiceImpl.java:65] Got All Flights
2023-06-23 21:13:38,954 WARN [http-nio-8100-exec-8] c.v.s.s.SearchServiceImpl [SearchServiceImpl.java:65] Got All Flights
2023-06-23 21:13:44,851 WARN [http-nio-8100-exec-6] c.v.s.s.SearchServiceImpl [SearchServiceImpl.java:65] Got All Flights
2023-06-23 21:14:40,843 WARN [http-nio-8100-exec-5] c.v.s.s.SearchServiceImpl [SearchServiceImpl.java:65] Got All Flights
2023-06-23 21:15:22,745 WARN [http-nio-8100-exec-3] c.v.s.s.SearchServiceImpl [SearchServiceImpl.java:65] Got All Flights
2023-06-23 21:16:35,843 WARN [http-nio-8100-exec-9] c.v.s.s.SearchServiceImpl [SearchServiceImpl.java:65] Got All Flights
2023-06-23 21:17:27,207 WARN [http-nio-8100-exec-4] c.v.s.s.SearchServiceImpl [SearchServiceImpl.java:65] Got All Flights
2023-06-23 21:27:49,112 WARN [http-nio-8100-exec-1] c.v.s.s.SearchServiceImpl [SearchServiceImpl.java:65] Got All Flights
2023-06-23 21:28:37,166 WARN [http-nio-8100-exec-2] c.v.s.s.SearchServiceImpl [SearchServiceImpl.java:65] Got All Flights
2023-06-23 21:29:19,022 WARN [http-nio-8100-exec-8] c.v.s.s.SearchServiceImpl [SearchServiceImpl.java:65] Got All Flights
2023-06-23 21:29:23,347 WARN [http-nio-8100-exec-6] c.v.s.s.SearchServiceImpl [SearchServiceImpl.java:65] Got All Flights
2023-06-23 21:30:04,308 WARN [http-nio-8100-exec-5] c.v.s.s.SearchServiceImpl [SearchServiceImpl.java:65] Got All Flights
2023-06-23 21:30:35,058 WARN [http-nio-8100-exec-3] c.v.s.s.SearchServiceImpl [SearchServiceImpl.java:65] Got All Flights
2023-06-23 21:33:43,500 WARN [http-nio-8100-exec-9] c.v.s.s.SearchServiceImpl [SearchServiceImpl.java:65] Got All Flights
2023-06-23 21:34:14,944 WARN [http-nio-8100-exec-4] c.v.s.s.SearchServiceImpl [SearchServiceImpl.java:65] Got All Flights
2023-06-23 21:34:52,365 WARN [http-nio-8100-exec-10] c.v.s.s.SearchServiceImpl [SearchServiceImpl.java:65] Got All Flights
2023-06-23 21:35:01,947 WARN [http-nio-8100-exec-1] c.v.s.s.SearchServiceImpl [SearchServiceImpl.java:65] Got All Flights
2023-06-23 21:36:06,299 WARN [http-nio-8100-exec-8] c.v.s.s.SearchServiceImpl [SearchServiceImpl.java:65] Got All Flights
2023-06-23 21:36:20,436 WARN [http-nio-8100-exec-6] c.v.s.s.SearchServiceImpl [SearchServiceImpl.java:65] Got All Flights
2023-06-23 21:42:11,794 WARN [http-nio-8100-exec-3] c.v.s.s.SearchServiceImpl [SearchServiceImpl.java:65] Got All Flights
2023-06-23 21:42:49,381 WARN [http-nio-8100-exec-7] c.v.s.s.SearchServiceImpl [SearchServiceImpl.java:65] Got All Flights
2023-06-23 21:43:10,118 WARN [http-nio-8100-exec-9] c.v.s.s.SearchServiceImpl [SearchServiceImpl.java:65] Got All Flights
2023-06-23 21:44:52,204 WARN [http-nio-8100-exec-10] c.v.s.s.SearchServiceImpl [SearchServiceImpl.java:65] Got All Flights
2023-06-23 22:01:52,074 WARN [http-nio-8100-exec-2] c.v.s.s.SearchServiceImpl [SearchServiceImpl.java:65] Got All Flights
2023-06-23 22:05:05,965 WARN [http-nio-8100-exec-6] c.v.s.s.SearchServiceImpl [SearchServiceImpl.java:65] Got All Flights
2023-06-23 22:07:40,176 WARN [http-nio-8100-exec-3] c.v.s.s.SearchServiceImpl [SearchServiceImpl.java:65] Got All Flights
2023-06-23 22:07:53,672 WARN [http-nio-8100-exec-7] c.v.s.s.SearchServiceImpl [SearchServiceImpl.java:65] Got All Flights
2023-06-23 22:11:09,051 WARN [http-nio-8100-exec-4] c.v.s.s.SearchServiceImpl [SearchServiceImpl.java:65] Got All Flights
2023-06-23 22:11:19,191 WARN [http-nio-8100-exec-10] c.v.s.s.SearchServiceImpl [SearchServiceImpl.java:65] Got All Flights
2023-06-23 22:11:42,864 WARN [http-nio-8100-exec-1] c.v.s.s.SearchServiceImpl [SearchServiceImpl.java:65] Got All Flights
2023-06-23 22:13:41,919 WARN [http-nio-8100-exec-8] c.v.s.s.SearchServiceImpl [SearchServiceImpl.java:65] Got All Flights
2023-06-23 22:16:27,409 WARN [http-nio-8100-exec-5] c.v.s.s.SearchServiceImpl [SearchServiceImpl.java:65] Got All Flights
2023-06-23 22:19:27,863 WARN [http-nio-8100-exec-7] c.v.s.s.SearchServiceImpl [SearchServiceImpl.java:65] Got All Flights
2023-06-23 22:20:38,826 WARN [http-nio-8100-exec-9] c.v.s.s.SearchServiceImpl [SearchServiceImpl.java:65] Got All Flights
2023-06-23 22:21:01,257 WARN [http-nio-8100-exec-4] c.v.s.s.SearchServiceImpl [SearchServiceImpl.java:65] Got All Flights
2023-06-23 22:23:48,030 WARN [http-nio-8100-exec-1] c.v.s.s.SearchServiceImpl [SearchServiceImpl.java:65] Got All Flights
2023-06-23 22:24:45,151 WARN [http-nio-8100-exec-2] c.v.s.s.SearchServiceImpl [SearchServiceImpl.java:65] Got All Flights
2023-06-23 22:24:57,788 WARN [http-nio-8100-exec-8] c.v.s.s.SearchServiceImpl [SearchServiceImpl.java:65] Got All Flights
2023-06-23 22:27:43,283 WARN [http-nio-8100-exec-5] c.v.s.s.SearchServiceImpl [SearchServiceImpl.java:65] Got All Flights
2023-06-23 22:28:23,367 WARN [http-nio-8100-exec-3] c.v.s.s.SearchServiceImpl [SearchServiceImpl.java:65] Got All Flights
2023-06-23 22:28:34,894 WARN [http-nio-8100-exec-7] c.v.s.s.SearchServiceImpl [SearchServiceImpl.java:65] Got All Flights
2023-06-23 22:29:41,513 WARN [http-nio-8100-exec-4] c.v.s.s.SearchServiceImpl [SearchServiceImpl.java:65] Got All Flights
2023-06-23 22:30:38,186 WARN [http-nio-8100-exec-10] c.v.s.s.SearchServiceImpl [SearchServiceImpl.java:65] Got All Flights
2023-06-23 22:30:50,624 WARN [http-nio-8100-exec-1] c.v.s.s.SearchServiceImpl [SearchServiceImpl.java:65] Got All Flights
2023-06-23 22:31:00,311 WARN [http-nio-8100-exec-2] c.v.s.s.SearchServiceImpl [SearchServiceImpl.java:65] Got All Flights
2023-06-23 22:31:34,003 WARN [http-nio-8100-exec-8] c.v.s.s.SearchServiceImpl [SearchServiceImpl.java:65] Got All Flights
2023-06-23 22:31:50,703 WARN [http-nio-8100-exec-6] c.v.s.s.SearchServiceImpl [SearchServiceImpl.java:65] Got All Flights
2023-06-23 22:32:47,219 WARN [http-nio-8100-exec-5] c.v.s.s.SearchServiceImpl [SearchServiceImpl.java:65] Got All Flights
2023-06-23 22:32:58,957 WARN [http-nio-8100-exec-3] c.v.s.s.SearchServiceImpl [SearchServiceImpl.java:65] Got All Flights
2023-06-23 22:33:11,325 WARN [http-nio-8100-exec-7] c.v.s.s.SearchServiceImpl [SearchServiceImpl.java:65] Got All Flights
2023-06-23 22:35:59,642 WARN [http-nio-8100-exec-4] c.v.s.s.SearchServiceImpl [SearchServiceImpl.java:65] Got All Flights
2023-06-23 22:38:01,630 WARN [http-nio-8100-exec-1] c.v.s.s.SearchServiceImpl [SearchServiceImpl.java:65] Got All Flights
2023-06-23 22:38:31,780 WARN [http-nio-8100-exec-2] c.v.s.s.SearchServiceImpl [SearchServiceImpl.java:65] Got All Flights
2023-06-23 22:39:48,828 WARN [http-nio-8100-exec-6] c.v.s.s.SearchServiceImpl [SearchServiceImpl.java:65] Got All Flights
2023-06-23 22:40:23,509 WARN [http-nio-8100-exec-5] c.v.s.s.SearchServiceImpl [SearchServiceImpl.java:65] Got All Flights
2023-06-23 22:40:36,812 WARN [http-nio-8100-exec-3] c.v.s.s.SearchServiceImpl [SearchServiceImpl.java:65] Got All Flights
2023-06-23 22:41:07,330 WARN [http-nio-8100-exec-7] c.v.s.s.SearchServiceImpl [SearchServiceImpl.java:65] Got All Flights
2023-06-23 22:42:20,110 WARN [http-nio-8100-exec-4] c.v.s.s.SearchServiceImpl [SearchServiceImpl.java:65] Got All Flights
2023-06-23 22:44:01,868 WARN [http-nio-8100-exec-1] c.v.s.s.SearchServiceImpl [SearchServiceImpl.java:65] Got All Flights
2023-06-23 22:44:22,031 WARN [http-nio-8100-exec-2] c.v.s.s.SearchServiceImpl [SearchServiceImpl.java:65] Got All Flights
2023-06-23 22:44:58,317 WARN [http-nio-8100-exec-8] c.v.s.s.SearchServiceImpl [SearchServiceImpl.java:65] Got All Flights
2023-06-23 22:45:10,564 WARN [http-nio-8100-exec-6] c.v.s.s.SearchServiceImpl [SearchServiceImpl.java:65] Got All Flights
2023-06-23 22:45:23,770 WARN [http-nio-8100-exec-5] c.v.s.s.SearchServiceImpl [SearchServiceImpl.java:65] Got All Flights
2023-06-23 22:48:36,063 WARN [http-nio-8100-exec-7] c.v.s.s.SearchServiceImpl [SearchServiceImpl.java:65] Got All Flights
2023-06-23 22:51:11,118 WARN [http-nio-8100-exec-4] c.v.s.s.SearchServiceImpl [SearchServiceImpl.java:65] Got All Flights
2023-06-23 22:51:54,566 WARN [http-nio-8100-exec-10] c.v.s.s.SearchServiceImpl [SearchServiceImpl.java:65] Got All Flights
2023-06-23 22:52:31,832 WARN [http-nio-8100-exec-1] c.v.s.s.SearchServiceImpl [SearchServiceImpl.java:65] Got All Flights
2023-06-23 22:52:40,514 WARN [http-nio-8100-exec-2] c.v.s.s.SearchServiceImpl [SearchServiceImpl.java:65] Got All Flights
2023-06-23 22:53:58,904 WARN [http-nio-8100-exec-6] c.v.s.s.SearchServiceImpl [SearchServiceImpl.java:65] Got All Flights
2023-06-23 22:54:42,741 WARN [http-nio-8100-exec-5] c.v.s.s.SearchServiceImpl [SearchServiceImpl.java:65] Got All Flights
2023-06-23 22:54:54,724 WARN [http-nio-8100-exec-3] c.v.s.s.SearchServiceImpl [SearchServiceImpl.java:65] Got All Flights
2023-06-23 23:07:53,181 WARN [http-nio-8100-exec-9] c.v.s.s.SearchServiceImpl [SearchServiceImpl.java:53] Codes Retrieved
2023-06-23 23:08:19,478 WARN [http-nio-8100-exec-4] c.v.s.s.SearchServiceImpl [SearchServiceImpl.java:65] Got All Flights
2023-06-23 23:09:18,288 WARN [http-nio-8100-exec-10] c.v.s.s.SearchServiceImpl [SearchServiceImpl.java:65] Got All Flights
2023-06-23 23:09:41,733 WARN [http-nio-8100-exec-1] c.v.s.s.SearchServiceImpl [SearchServiceImpl.java:65] Got All Flights
2023-06-23 23:10:00,600 WARN [http-nio-8100-exec-2] c.v.s.s.SearchServiceImpl [SearchServiceImpl.java:53] Codes Retrieved
2023-06-23 23:10:14,856 WARN [http-nio-8100-exec-8] c.v.s.s.SearchServiceImpl [SearchServiceImpl.java:65] Got All Flights
2023-06-23 23:10:39,338 WARN [http-nio-8100-exec-6] c.v.s.s.SearchServiceImpl [SearchServiceImpl.java:53] Codes Retrieved
2023-06-23 23:11:11,159 WARN [http-nio-8100-exec-5] c.v.s.s.SearchServiceImpl [SearchServiceImpl.java:65] Got All Flights
2023-06-23 23:11:40,715 WARN [http-nio-8100-exec-3] c.v.s.s.SearchServiceImpl [SearchServiceImpl.java:65] Got All Flights
2023-06-23 23:12:37,314 WARN [http-nio-8100-exec-7] c.v.s.s.SearchServiceImpl [SearchServiceImpl.java:65] Got All Flights
2023-06-23 23:12:55,367 WARN [http-nio-8100-exec-9] c.v.s.s.SearchServiceImpl [SearchServiceImpl.java:65] Got All Flights
2023-06-23 23:13:07,422 WARN [http-nio-8100-exec-4] c.v.s.s.SearchServiceImpl [SearchServiceImpl.java:53] Codes Retrieved
2023-06-23 23:13:24,572 WARN [http-nio-8100-exec-10] c.v.s.s.SearchServiceImpl [SearchServiceImpl.java:65] Got All Flights
2023-06-23 23:26:51,113 WARN [http-nio-8100-exec-2] c.v.s.s.SearchServiceImpl [SearchServiceImpl.java:53] Codes Retrieved
2023-06-23 23:27:03,154 WARN [http-nio-8100-exec-8] c.v.s.s.SearchServiceImpl [SearchServiceImpl.java:65] Got All Flights
2023-06-23 23:29:22,876 WARN [http-nio-8100-exec-5] c.v.s.s.SearchServiceImpl [SearchServiceImpl.java:65] Got All Flights
2023-06-23 23:29:50,946 WARN [http-nio-8100-exec-3] c.v.s.s.SearchServiceImpl [SearchServiceImpl.java:65] Got All Flights
2023-06-23 23:30:07,072 WARN [http-nio-8100-exec-7] c.v.s.s.SearchServiceImpl [SearchServiceImpl.java:65] Got All Flights
2023-06-23 23:30:27,013 WARN [http-nio-8100-exec-9] c.v.s.s.SearchServiceImpl [SearchServiceImpl.java:65] Got All Flights
2023-06-23 23:30:31,373 WARN [http-nio-8100-exec-4] c.v.s.s.SearchServiceImpl [SearchServiceImpl.java:53] Codes Retrieved
2023-06-23 23:30:46,908 WARN [http-nio-8100-exec-10] c.v.s.s.SearchServiceImpl [SearchServiceImpl.java:65] Got All Flights
2023-06-23 23:32:51,850 WARN [http-nio-8100-exec-2] c.v.s.s.SearchServiceImpl [SearchServiceImpl.java:53] Codes Retrieved
2023-06-23 23:33:12,254 WARN [http-nio-8100-exec-8] c.v.s.s.SearchServiceImpl [SearchServiceImpl.java:53] Codes Retrieved
2023-06-23 23:33:34,938 WARN [http-nio-8100-exec-6] c.v.s.s.SearchServiceImpl [SearchServiceImpl.java:65] Got All Flights
2023-06-23 23:33:46,280 WARN [http-nio-8100-exec-5] c.v.s.s.SearchServiceImpl [SearchServiceImpl.java:53] Codes Retrieved
2023-06-23 23:34:01,738 WARN [http-nio-8100-exec-3] c.v.s.s.SearchServiceImpl [SearchServiceImpl.java:65] Got All Flights
2023-06-24 12:05:32,133 WARN [http-nio-8100-exec-1] c.v.s.s.SearchServiceImpl [SearchServiceImpl.java:65] Got All Flights
2023-06-24 12:06:01,148 WARN [http-nio-8100-exec-2] c.v.s.s.SearchServiceImpl [SearchServiceImpl.java:65] Got All Flights
2023-06-24 12:06:37,311 WARN [http-nio-8100-exec-3] c.v.s.s.SearchServiceImpl [SearchServiceImpl.java:65] Got All Flights
2023-06-24 12:23:16,500 WARN [http-nio-8100-exec-5] c.v.s.s.SearchServiceImpl [SearchServiceImpl.java:65] Got All Flights
2023-06-24 12:23:43,006 WARN [http-nio-8100-exec-6] c.v.s.s.SearchServiceImpl [SearchServiceImpl.java:53] Codes Retrieved
2023-06-24 12:25:01,237 WARN [http-nio-8100-exec-7] c.v.s.s.SearchServiceImpl [SearchServiceImpl.java:65] Got All Flights
2023-06-24 12:25:31,096 WARN [http-nio-8100-exec-8] c.v.s.s.SearchServiceImpl [SearchServiceImpl.java:65] Got All Flights
2023-06-24 12:25:53,277 WARN [http-nio-8100-exec-10] c.v.s.s.SearchServiceImpl [SearchServiceImpl.java:65] Got All Flights
2023-06-24 12:38:41,213 WARN [http-nio-8100-exec-1] c.v.s.s.SearchServiceImpl [SearchServiceImpl.java:65] Got All Flights
2023-06-24 12:39:54,486 WARN [http-nio-8100-exec-3] c.v.s.s.SearchServiceImpl [SearchServiceImpl.java:65] Got All Flights
2023-06-24 12:40:53,500 WARN [http-nio-8100-exec-4] c.v.s.s.SearchServiceImpl [SearchServiceImpl.java:65] Got All Flights
2023-06-24 12:41:16,670 WARN [http-nio-8100-exec-5] c.v.s.s.SearchServiceImpl [SearchServiceImpl.java:65] Got All Flights
2023-06-24 12:41:28,095 WARN [http-nio-8100-exec-6] c.v.s.s.SearchServiceImpl [SearchServiceImpl.java:65] Got All Flights
2023-06-24 12:41:52,026 WARN [http-nio-8100-exec-7] c.v.s.s.SearchServiceImpl [SearchServiceImpl.java:65] Got All Flights
2023-06-24 12:42:43,717 WARN [http-nio-8100-exec-8] c.v.s.s.SearchServiceImpl [SearchServiceImpl.java:65] Got All Flights
2023-06-24 12:43:02,001 WARN [http-nio-8100-exec-10] c.v.s.s.SearchServiceImpl [SearchServiceImpl.java:65] Got All Flights
2023-06-24 12:43:22,609 WARN [http-nio-8100-exec-9] c.v.s.s.SearchServiceImpl [SearchServiceImpl.java:65] Got All Flights
2023-06-24 12:47:59,035 WARN [http-nio-8100-exec-2] c.v.s.s.SearchServiceImpl [SearchServiceImpl.java:65] Got All Flights
2023-06-24 12:48:32,710 WARN [http-nio-8100-exec-3] c.v.s.s.SearchServiceImpl [SearchServiceImpl.java:65] Got All Flights
2023-06-24 12:48:49,184 WARN [http-nio-8100-exec-4] c.v.s.s.SearchServiceImpl [SearchServiceImpl.java:65] Got All Flights
2023-06-24 12:49:48,604 WARN [http-nio-8100-exec-5] c.v.s.s.SearchServiceImpl [SearchServiceImpl.java:65] Got All Flights
2023-06-24 12:51:04,910 WARN [http-nio-8100-exec-7] c.v.s.s.SearchServiceImpl [SearchServiceImpl.java:65] Got All Flights
2023-06-24 12:52:34,046 WARN [http-nio-8100-exec-10] c.v.s.s.SearchServiceImpl [SearchServiceImpl.java:65] Got All Flights
2023-06-24 12:53:24,182 WARN [http-nio-8100-exec-9] c.v.s.s.SearchServiceImpl [SearchServiceImpl.java:65] Got All Flights
2023-06-24 12:54:09,622 WARN [http-nio-8100-exec-1] c.v.s.s.SearchServiceImpl [SearchServiceImpl.java:65] Got All Flights
2023-06-24 12:54:24,646 WARN [http-nio-8100-exec-2] c.v.s.s.SearchServiceImpl [SearchServiceImpl.java:65] Got All Flights
2023-06-24 13:15:12,684 WARN [http-nio-8100-exec-4] c.v.s.s.SearchServiceImpl [SearchServiceImpl.java:65] Got All Flights
2023-06-24 13:15:24,558 WARN [http-nio-8100-exec-5] c.v.s.s.SearchServiceImpl [SearchServiceImpl.java:65] Got All Flights
2023-06-24 13:52:06,099 WARN [http-nio-8100-exec-7] c.v.s.s.SearchServiceImpl [SearchServiceImpl.java:65] Got All Flights
2023-06-24 13:54:01,297 WARN [http-nio-8100-exec-10] c.v.s.s.SearchServiceImpl [SearchServiceImpl.java:65] Got All Flights
2023-06-24 13:54:16,618 WARN [http-nio-8100-exec-9] c.v.s.s.SearchServiceImpl [SearchServiceImpl.java:65] Got All Flights
2023-06-24 13:54:30,630 WARN [http-nio-8100-exec-1] c.v.s.s.SearchServiceImpl [SearchServiceImpl.java:65] Got All Flights
2023-06-24 13:54:48,242 WARN [http-nio-8100-exec-2] c.v.s.s.SearchServiceImpl [SearchServiceImpl.java:65] Got All Flights
2023-06-24 13:55:12,933 WARN [http-nio-8100-exec-3] c.v.s.s.SearchServiceImpl [SearchServiceImpl.java:65] Got All Flights
2023-06-24 13:55:25,404 WARN [http-nio-8100-exec-4] c.v.s.s.SearchServiceImpl [SearchServiceImpl.java:53] Codes Retrieved
2023-06-24 13:55:52,815 WARN [http-nio-8100-exec-5] c.v.s.s.SearchServiceImpl [SearchServiceImpl.java:53] Codes Retrieved
2023-06-24 13:56:22,243 WARN [http-nio-8100-exec-6] c.v.s.s.SearchServiceImpl [SearchServiceImpl.java:53] Codes Retrieved
2023-06-24 13:56:54,864 WARN [http-nio-8100-exec-7] c.v.s.s.SearchServiceImpl [SearchServiceImpl.java:65] Got All Flights
2023-06-25 19:37:52,491 WARN [http-nio-8100-exec-3] c.v.s.s.SearchServiceImpl [SearchServiceImpl.java:65] Got All Flights
2023-06-25 19:46:34,664 WARN [http-nio-8100-exec-4] c.v.s.s.SearchServiceImpl [SearchServiceImpl.java:53] Codes Retrieved
2023-06-25 19:46:53,334 WARN [http-nio-8100-exec-5] c.v.s.s.SearchServiceImpl [SearchServiceImpl.java:53] Codes Retrieved
2023-06-25 19:47:18,864 WARN [http-nio-8100-exec-6] c.v.s.s.SearchServiceImpl [SearchServiceImpl.java:53] Codes Retrieved
2023-06-25 19:48:13,774 WARN [http-nio-8100-exec-7] c.v.s.s.SearchServiceImpl [SearchServiceImpl.java:53] Codes Retrieved
2023-06-25 19:48:40,903 WARN [http-nio-8100-exec-8] c.v.s.s.SearchServiceImpl [SearchServiceImpl.java:65] Got All Flights
2023-06-25 19:49:09,618 WARN [http-nio-8100-exec-10] c.v.s.s.SearchServiceImpl [SearchServiceImpl.java:53] Codes Retrieved
2023-06-25 20:10:43,340 WARN [http-nio-8100-exec-5] c.v.s.s.SearchServiceImpl [SearchServiceImpl.java:53] Codes Retrieved
2023-06-25 21:24:14,261 WARN [http-nio-8100-exec-8] c.v.s.s.SearchServiceImpl [SearchServiceImpl.java:53] Codes Retrieved
2023-06-25 21:24:45,424 WARN [http-nio-8100-exec-10] c.v.s.s.SearchServiceImpl [SearchServiceImpl.java:65] Got All Flights
2023-06-26 09:35:39,802 WARN [http-nio-8100-exec-3] c.v.s.s.SearchServiceImpl [SearchServiceImpl.java:53] Codes Retrieved
2023-06-26 09:35:54,657 WARN [http-nio-8100-exec-6] c.v.s.s.SearchServiceImpl [SearchServiceImpl.java:65] Got All Flights
2023-06-26 09:45:45,024 WARN [http-nio-8100-exec-7] c.v.s.s.SearchServiceImpl [SearchServiceImpl.java:53] Codes Retrieved
2023-06-26 09:46:46,609 WARN [http-nio-8100-exec-8] c.v.s.s.SearchServiceImpl [SearchServiceImpl.java:53] Codes Retrieved
2023-06-26 09:47:09,377 WARN [http-nio-8100-exec-9] c.v.s.s.SearchServiceImpl [SearchServiceImpl.java:65] Got All Flights
2023-06-26 09:47:17,464 WARN [http-nio-8100-exec-10] c.v.s.s.SearchServiceImpl [SearchServiceImpl.java:53] Codes Retrieved
2023-06-26 09:47:47,359 WARN [http-nio-8100-exec-1] c.v.s.s.SearchServiceImpl [SearchServiceImpl.java:53] Codes Retrieved
2023-06-26 09:48:06,606 WARN [http-nio-8100-exec-2] c.v.s.s.SearchServiceImpl [SearchServiceImpl.java:53] Codes Retrieved
2023-06-27 14:22:21,439 WARN [http-nio-8100-exec-4] c.v.s.s.SearchServiceImpl [SearchServiceImpl.java:65] Got All Flights
2023-06-27 14:28:49,919 WARN [http-nio-8100-exec-6] c.v.s.s.SearchServiceImpl [SearchServiceImpl.java:53] Codes Retrieved
2023-06-27 14:29:12,883 WARN [http-nio-8100-exec-5] c.v.s.s.SearchServiceImpl [SearchServiceImpl.java:53] Codes Retrieved
2023-06-27 14:29:46,775 WARN [http-nio-8100-exec-7] c.v.s.s.SearchServiceImpl [SearchServiceImpl.java:65] Got All Flights
2023-06-27 14:32:49,068 WARN [http-nio-8100-exec-1] c.v.s.s.SearchServiceImpl [SearchServiceImpl.java:53] Codes Retrieved
2023-06-27 14:42:20,264 WARN [http-nio-8100-exec-1] c.v.s.s.SearchServiceImpl [SearchServiceImpl.java:53] Codes Retrieved
2023-06-27 14:42:48,004 WARN [http-nio-8100-exec-6] c.v.s.s.SearchServiceImpl [SearchServiceImpl.java:53] Codes Retrieved
2023-06-27 14:43:43,124 WARN [http-nio-8100-exec-9] c.v.s.s.SearchServiceImpl [SearchServiceImpl.java:53] Codes Retrieved
2023-06-27 14:50:44,889 WARN [http-nio-8100-exec-10] c.v.s.s.SearchServiceImpl [SearchServiceImpl.java:53] Codes Retrieved
2023-06-27 19:40:37,831 WARN [http-nio-8100-exec-5] c.v.s.s.SearchServiceImpl [SearchServiceImpl.java:53] Codes Retrieved
2023-06-27 21:10:10,302 WARN [http-nio-8100-exec-7] c.v.s.s.SearchServiceImpl [SearchServiceImpl.java:53] Codes Retrieved
2023-06-27 21:10:59,019 WARN [http-nio-8100-exec-8] c.v.s.s.SearchServiceImpl [SearchServiceImpl.java:53] Codes Retrieved
2023-06-27 21:11:56,252 WARN [http-nio-8100-exec-10] c.v.s.s.SearchServiceImpl [SearchServiceImpl.java:65] Got All Flights
2023-06-27 21:24:26,205 WARN [http-nio-8100-exec-1] c.v.s.s.SearchServiceImpl [SearchServiceImpl.java:38] Flights Added
2023-06-27 21:36:23,286 WARN [http-nio-8100-exec-1] c.v.s.s.SearchServiceImpl [SearchServiceImpl.java:53] Codes Retrieved
2023-06-27 21:36:25,102 WARN [http-nio-8100-exec-2] c.v.s.s.SearchServiceImpl [SearchServiceImpl.java:65] Got All Flights
2023-06-27 21:37:54,513 WARN [http-nio-8100-exec-4] c.v.s.s.SearchServiceImpl [SearchServiceImpl.java:53] Codes Retrieved
2023-06-27 21:41:06,749 WARN [http-nio-8100-exec-6] c.v.s.s.SearchServiceImpl [SearchServiceImpl.java:65] Got All Flights
2023-06-28 09:17:35,228 WARN [http-nio-8100-exec-6] c.v.s.s.SearchServiceImpl [SearchServiceImpl.java:65] Got All Flights
2023-06-28 09:19:48,967 WARN [http-nio-8100-exec-8] c.v.s.s.SearchServiceImpl [SearchServiceImpl.java:53] Codes Retrieved
2023-06-28 09:20:53,486 WARN [http-nio-8100-exec-7] c.v.s.s.SearchServiceImpl [SearchServiceImpl.java:53] Codes Retrieved
2023-06-28 09:21:23,982 WARN [http-nio-8100-exec-10] c.v.s.s.SearchServiceImpl [SearchServiceImpl.java:65] Got All Flights
2023-06-28 09:21:40,635 WARN [http-nio-8100-exec-1] c.v.s.s.SearchServiceImpl [SearchServiceImpl.java:53] Codes Retrieved
2023-06-28 09:22:24,197 WARN [http-nio-8100-exec-5] c.v.s.s.SearchServiceImpl [SearchServiceImpl.java:53] Codes Retrieved
2023-06-28 09:22:58,991 WARN [http-nio-8100-exec-3] c.v.s.s.SearchServiceImpl [SearchServiceImpl.java:65] Got All Flights
2023-06-28 09:23:05,599 WARN [http-nio-8100-exec-2] c.v.s.s.SearchServiceImpl [SearchServiceImpl.java:53] Codes Retrieved
2023-06-28 09:59:02,255 WARN [http-nio-8100-exec-1] c.v.s.s.SearchServiceImpl [SearchServiceImpl.java:65] Got All Flights
2023-06-28 09:59:13,946 WARN [http-nio-8100-exec-3] c.v.s.s.SearchServiceImpl [SearchServiceImpl.java:53] Codes Retrieved
